# JRE version: Java(TM) SE Runtime Environment (20.0.1+9) (build 20.0.1+9-29)
# Java VM: Java HotSpot(TM) 64-Bit Server VM (20.0.1+9-29, mixed mode, emulated-client, sharing, tiered, compressed oops, compressed class ptrs, g1 gc, windows-amd64)
GC Precious Log:
 CardTable entry size: 512
 Card Set container configuration: InlinePtr #cards 4 size 8 Array Of Cards #cards 16 size 48 Howl #buckets 8 coarsen threshold 3686 Howl Bitmap #cards 512 size 80 coarsen threshold 460 Card regions per heap region 1 cards per card region 4096
 CPUs: 8 total, 8 available
 Memory: 16102M
 Large Page Support: Disabled
 NUMA Support: Disabled
 Compressed Oops: Enabled (Zero based)
 Heap Region Size: 2M
 Heap Min Capacity: 8M
 Heap Initial Capacity: 252M
 Heap Max Capacity: 4026M
 Pre-touch: Disabled
 Parallel Workers: 8
 Concurrent Workers: 2
 Concurrent Refinement Workers: 8
 Periodic GC: Disabled
Heap:
 garbage-first heap   total 92160K, used 46004K [0x0000000704600000, 0x0000000800000000)
  region size 2048K, 5 young (10240K), 2 survivors (4096K)
 Metaspace       used 73355K, committed 74112K, reserved 1114112K
  class space    used 10789K, committed 11136K, reserved 1048576K
GC Heap History (20 events):
Event: 17.184 GC heap before
{Heap before GC invocations=14 (full 0):
 garbage-first heap   total 61440K, used 50926K [0x0000000704600000, 0x0000000800000000)
  region size 2048K, 14 young (28672K), 2 survivors (4096K)
 Metaspace       used 60616K, committed 61376K, reserved 1114112K
  class space    used 8773K, committed 9088K, reserved 1048576K
}
Event: 17.200 GC heap after
{Heap after GC invocations=15 (full 0):
 garbage-first heap   total 61440K, used 30669K [0x0000000704600000, 0x0000000800000000)
  region size 2048K, 2 young (4096K), 2 survivors (4096K)
 Metaspace       used 60616K, committed 61376K, reserved 1114112K
  class space    used 8773K, committed 9088K, reserved 1048576K
}
Event: 17.735 GC heap before
{Heap before GC invocations=15 (full 0):
 garbage-first heap   total 61440K, used 51149K [0x0000000704600000, 0x0000000800000000)
  region size 2048K, 12 young (24576K), 2 survivors (4096K)
 Metaspace       used 61880K, committed 62528K, reserved 1114112K
  class space    used 8962K, committed 9216K, reserved 1048576K
}
Event: 17.746 GC heap after
{Heap after GC invocations=16 (full 0):
 garbage-first heap   total 61440K, used 33611K [0x0000000704600000, 0x0000000800000000)
  region size 2048K, 2 young (4096K), 2 survivors (4096K)
 Metaspace       used 61880K, committed 62528K, reserved 1114112K
  class space    used 8962K, committed 9216K, reserved 1048576K
}
Event: 17.953 GC heap before
{Heap before GC invocations=17 (full 0):
 garbage-first heap   total 75776K, used 49995K [0x0000000704600000, 0x0000000800000000)
  region size 2048K, 10 young (20480K), 2 survivors (4096K)
 Metaspace       used 61886K, committed 62528K, reserved 1114112K
  class space    used 8963K, committed 9216K, reserved 1048576K
}
Event: 17.962 GC heap after
{Heap after GC invocations=18 (full 0):
 garbage-first heap   total 92160K, used 34693K [0x0000000704600000, 0x0000000800000000)
  region size 2048K, 1 young (2048K), 1 survivors (2048K)
 Metaspace       used 61886K, committed 62528K, reserved 1114112K
  class space    used 8963K, committed 9216K, reserved 1048576K
}
Event: 20.650 GC heap before
{Heap before GC invocations=18 (full 0):
 garbage-first heap   total 92160K, used 79749K [0x0000000704600000, 0x0000000800000000)
  region size 2048K, 23 young (47104K), 1 survivors (2048K)
 Metaspace       used 66470K, committed 67200K, reserved 1114112K
  class space    used 9673K, committed 9984K, reserved 1048576K
}
Event: 20.669 GC heap after
{Heap after GC invocations=19 (full 0):
 garbage-first heap   total 92160K, used 38815K [0x0000000704600000, 0x0000000800000000)
  region size 2048K, 3 young (6144K), 3 survivors (6144K)
 Metaspace       used 66470K, committed 67200K, reserved 1114112K
  class space    used 9673K, committed 9984K, reserved 1048576K
}
Event: 415.750 GC heap before
{Heap before GC invocations=19 (full 0):
 garbage-first heap   total 92160K, used 77727K [0x0000000704600000, 0x0000000800000000)
  region size 2048K, 22 young (45056K), 3 survivors (6144K)
 Metaspace       used 67075K, committed 67840K, reserved 1114112K
  class space    used 9765K, committed 10112K, reserved 1048576K
}
Event: 415.771 GC heap after
{Heap after GC invocations=20 (full 0):
 garbage-first heap   total 92160K, used 39347K [0x0000000704600000, 0x0000000800000000)
  region size 2048K, 1 young (2048K), 1 survivors (2048K)
 Metaspace       used 67075K, committed 67840K, reserved 1114112K
  class space    used 9765K, committed 10112K, reserved 1048576K
}
Event: 502.676 GC heap before
{Heap before GC invocations=21 (full 0):
 garbage-first heap   total 92160K, used 78259K [0x0000000704600000, 0x0000000800000000)
  region size 2048K, 21 young (43008K), 1 survivors (2048K)
 Metaspace       used 72687K, committed 73408K, reserved 1114112K
  class space    used 10675K, committed 11008K, reserved 1048576K
}
Event: 502.692 GC heap after
{Heap after GC invocations=22 (full 0):
 garbage-first heap   total 92160K, used 41537K [0x0000000704600000, 0x0000000800000000)
  region size 2048K, 2 young (4096K), 2 survivors (4096K)
 Metaspace       used 72687K, committed 73408K, reserved 1114112K
  class space    used 10675K, committed 11008K, reserved 1048576K
}
Event: 537.994 GC heap before
{Heap before GC invocations=22 (full 0):
 garbage-first heap   total 92160K, used 64065K [0x0000000704600000, 0x0000000800000000)
  region size 2048K, 15 young (30720K), 2 survivors (4096K)
 Metaspace       used 73281K, committed 73984K, reserved 1114112K
  class space    used 10772K, committed 11072K, reserved 1048576K
}
Event: 537.999 GC heap after
{Heap after GC invocations=23 (full 0):
 garbage-first heap   total 92160K, used 41959K [0x0000000704600000, 0x0000000800000000)
  region size 2048K, 2 young (4096K), 2 survivors (4096K)
 Metaspace       used 73281K, committed 73984K, reserved 1114112K
  class space    used 10772K, committed 11072K, reserved 1048576K
}
Event: 539.110 GC heap before
{Heap before GC invocations=24 (full 0):
 garbage-first heap   total 92160K, used 78823K [0x0000000704600000, 0x0000000800000000)
  region size 2048K, 21 young (43008K), 2 survivors (4096K)
 Metaspace       used 73265K, committed 73984K, reserved 1114112K
  class space    used 10767K, committed 11072K, reserved 1048576K
}
Event: 539.116 GC heap after
{Heap after GC invocations=25 (full 0):
 garbage-first heap   total 92160K, used 41921K [0x0000000704600000, 0x0000000800000000)
  region size 2048K, 2 young (4096K), 2 survivors (4096K)
 Metaspace       used 73265K, committed 73984K, reserved 1114112K
  class space    used 10767K, committed 11072K, reserved 1048576K
}
Event: 539.736 GC heap before
{Heap before GC invocations=25 (full 0):
 garbage-first heap   total 92160K, used 62401K [0x0000000704600000, 0x0000000800000000)
  region size 2048K, 14 young (28672K), 2 survivors (4096K)
 Metaspace       used 73354K, committed 74112K, reserved 1114112K
  class space    used 10789K, committed 11136K, reserved 1048576K
}
Event: 539.742 GC heap after
{Heap after GC invocations=26 (full 0):
 garbage-first heap   total 92160K, used 41907K [0x0000000704600000, 0x0000000800000000)
  region size 2048K, 2 young (4096K), 2 survivors (4096K)
 Metaspace       used 73354K, committed 74112K, reserved 1114112K
  class space    used 10789K, committed 11136K, reserved 1048576K
}
Event: 540.556 GC heap before
{Heap before GC invocations=27 (full 0):
 garbage-first heap   total 92160K, used 80819K [0x0000000704600000, 0x0000000800000000)
  region size 2048K, 21 young (43008K), 2 survivors (4096K)
 Metaspace       used 73355K, committed 74112K, reserved 1114112K
  class space    used 10789K, committed 11136K, reserved 1048576K
}
Event: 540.562 GC heap after
{Heap after GC invocations=28 (full 0):
 garbage-first heap   total 92160K, used 41908K [0x0000000704600000, 0x0000000800000000)
  region size 2048K, 2 young (4096K), 2 survivors (4096K)
 Metaspace       used 73355K, committed 74112K, reserved 1114112K
  class space    used 10789K, committed 11136K, reserved 1048576K
}

